Run directory: /root/autodl-tmp/CODE/DeepLabV3Plus-Pytorch-master/DeepLabV3Plus-Pytorch-master/workdirs/cottonweed_deeplabv3plus_mobilenet_baseline_itr60_20260411_012719
Device: cuda
Dataset: cottonweed, Train set: 513, Val set: 146
[Ablation-Config] fg_fusion=False, texture_enhance=False, aspp_variant=standard, dense_rates=(1, 3, 6, 12, 18), decoder_detail=False
[!] Retrain
Traceback (most recent call last):
  File "/root/autodl-tmp/CODE/DeepLabV3Plus-Pytorch-master/DeepLabV3Plus-Pytorch-master/main.py", line 620, in <module>
    main()
  File "/root/autodl-tmp/CODE/DeepLabV3Plus-Pytorch-master/DeepLabV3Plus-Pytorch-master/main.py", line 531, in main
    model = nn.DataParallel(model)
  File "/root/miniconda3/envs/Depplab/lib/python3.9/site-packages/torch/nn/parallel/data_parallel.py", line 168, in __init__
    self.module.to(self.src_device_obj)
  File "/root/miniconda3/envs/Depplab/lib/python3.9/site-packages/torch/nn/modules/module.py", line 1340, in to
    return self._apply(convert)
  File "/root/miniconda3/envs/Depplab/lib/python3.9/site-packages/torch/nn/modules/module.py", line 900, in _apply
    module._apply(fn)
  File "/root/miniconda3/envs/Depplab/lib/python3.9/site-packages/torch/nn/modules/module.py", line 900, in _apply
    module._apply(fn)
  File "/root/miniconda3/envs/Depplab/lib/python3.9/site-packages/torch/nn/modules/module.py", line 900, in _apply
    module._apply(fn)
  [Previous line repeated 1 more time]
  File "/root/miniconda3/envs/Depplab/lib/python3.9/site-packages/torch/nn/modules/module.py", line 927, in _apply
    param_applied = fn(param)
  File "/root/miniconda3/envs/Depplab/lib/python3.9/site-packages/torch/nn/modules/module.py", line 1326, in convert
    return t.to(
RuntimeError: CUDA error: out of memory
CUDA kernel errors might be asynchronously reported at some other API call, so the stacktrace below might be incorrect.
For debugging consider passing CUDA_LAUNCH_BLOCKING=1
Compile with `TORCH_USE_CUDA_DSA` to enable device-side assertions.

ERROR conda.cli.main_run:execute(47): `conda run python -u main.py --dataset cottonweed --data_root /root/autodl-tmp/dataset/cottonweed --model deeplabv3plus_mobilenet --gpu_id 0 --output_stride 16 --lr 0.01 --total_itrs 60 --val_interval 30 --batch_size 8 --val_batch_size 4 --crop_size 512 --work_dir /root/autodl-tmp/CODE/DeepLabV3Plus-Pytorch-master/DeepLabV3Plus-Pytorch-master/workdirs --exp_name cottonweed_deeplabv3plus_mobilenet_baseline_itr60_20260411_012719 --aspp_variant standard` failed. (See above for error)
