
libgomp: Invalid value for environment variable OMP_NUM_THREADS

libgomp: Invalid value for environment variable OMP_NUM_THREADS
Run directory: /root/autodl-tmp/CODE/DeepLabV3Plus-Pytorch-master/DeepLabV3Plus-Pytorch-master/expirment-cottonV4/frombest_bs16_lr0p010000_wd0p0001_le0p1_20260419_154556/precheck_bs16_lr0p010000_20260419_154556
Device: cuda
Dataset: cottonweed, Train set: 7000, Val set: 140
[Ablation-Config] attention_type=spatial_cbam, fg_fusion=False, texture_enhance=False, aspp_variant=standard, dense_rates=(1, 3, 6, 12, 18), decoder_detail=False, use_saff=True, saff_f1_source=mid, saff_f2_source=aspp
[!] Retrain
Epoch 1, Itrs 10/874, total_loss=1.358482, seg_loss=1.310426, edge_loss=0.480564, lambda_edge=0.1, boundary_width=5, edge_loss_type=bce
Epoch 1, Itrs 20/874, total_loss=0.651202, seg_loss=0.611588, edge_loss=0.396145, lambda_edge=0.1, boundary_width=5, edge_loss_type=bce
Epoch 1, Itrs 30/874, total_loss=0.370492, seg_loss=0.338947, edge_loss=0.315449, lambda_edge=0.1, boundary_width=5, edge_loss_type=bce
Epoch 1, Itrs 40/874, total_loss=0.485373, seg_loss=0.459428, edge_loss=0.259457, lambda_edge=0.1, boundary_width=5, edge_loss_type=bce
Epoch 1, Itrs 50/874, total_loss=0.397588, seg_loss=0.375688, edge_loss=0.218996, lambda_edge=0.1, boundary_width=5, edge_loss_type=bce
Epoch 1, Itrs 60/874, total_loss=0.299795, seg_loss=0.281378, edge_loss=0.184164, lambda_edge=0.1, boundary_width=5, edge_loss_type=bce
Epoch 1, Itrs 70/874, total_loss=0.398445, seg_loss=0.380916, edge_loss=0.175288, lambda_edge=0.1, boundary_width=5, edge_loss_type=bce
Epoch 1, Itrs 80/874, total_loss=0.326161, seg_loss=0.310507, edge_loss=0.156537, lambda_edge=0.1, boundary_width=5, edge_loss_type=bce
Epoch 1, Itrs 90/874, total_loss=0.292017, seg_loss=0.278382, edge_loss=0.136347, lambda_edge=0.1, boundary_width=5, edge_loss_type=bce
Epoch 1, Itrs 100/874, total_loss=0.339340, seg_loss=0.325748, edge_loss=0.135923, lambda_edge=0.1, boundary_width=5, edge_loss_type=bce
Epoch 1, Itrs 110/874, total_loss=0.350592, seg_loss=0.338052, edge_loss=0.125406, lambda_edge=0.1, boundary_width=5, edge_loss_type=bce
Epoch 1, Itrs 120/874, total_loss=0.300366, seg_loss=0.288751, edge_loss=0.116153, lambda_edge=0.1, boundary_width=5, edge_loss_type=bce
Epoch 1, Itrs 130/874, total_loss=0.327400, seg_loss=0.315986, edge_loss=0.114143, lambda_edge=0.1, boundary_width=5, edge_loss_type=bce
Epoch 1, Itrs 140/874, total_loss=0.336309, seg_loss=0.324794, edge_loss=0.115154, lambda_edge=0.1, boundary_width=5, edge_loss_type=bce
Epoch 1, Itrs 150/874, total_loss=0.334052, seg_loss=0.323371, edge_loss=0.106814, lambda_edge=0.1, boundary_width=5, edge_loss_type=bce
Epoch 1, Itrs 160/874, total_loss=0.293056, seg_loss=0.283172, edge_loss=0.098838, lambda_edge=0.1, boundary_width=5, edge_loss_type=bce
Epoch 1, Itrs 170/874, total_loss=0.339824, seg_loss=0.330202, edge_loss=0.096216, lambda_edge=0.1, boundary_width=5, edge_loss_type=bce
Epoch 1, Itrs 180/874, total_loss=0.336227, seg_loss=0.326259, edge_loss=0.099679, lambda_edge=0.1, boundary_width=5, edge_loss_type=bce
Epoch 1, Itrs 190/874, total_loss=0.313980, seg_loss=0.304099, edge_loss=0.098809, lambda_edge=0.1, boundary_width=5, edge_loss_type=bce
Epoch 1, Itrs 200/874, total_loss=0.240482, seg_loss=0.231772, edge_loss=0.087105, lambda_edge=0.1, boundary_width=5, edge_loss_type=bce
Epoch 1, Itrs 210/874, total_loss=0.312509, seg_loss=0.303242, edge_loss=0.092665, lambda_edge=0.1, boundary_width=5, edge_loss_type=bce
Model saved as /root/autodl-tmp/CODE/DeepLabV3Plus-Pytorch-master/DeepLabV3Plus-Pytorch-master/expirment-cottonV4/frombest_bs16_lr0p010000_wd0p0001_le0p1_20260419_154556/precheck_bs16_lr0p010000_20260419_154556/checkpoints/latest_deeplabv3plus_mobilenet_cottonweed_os16.pth
validation...
0it [00:00, ?it/s]0it [00:04, ?it/s]
Traceback (most recent call last):
  File "/root/autodl-tmp/CODE/DeepLabV3Plus-Pytorch-master/DeepLabV3Plus-Pytorch-master/main.py", line 786, in <module>
    main()
  File "/root/autodl-tmp/CODE/DeepLabV3Plus-Pytorch-master/DeepLabV3Plus-Pytorch-master/main.py", line 719, in main
    val_score, ret_samples = validate(
  File "/root/autodl-tmp/CODE/DeepLabV3Plus-Pytorch-master/DeepLabV3Plus-Pytorch-master/main.py", line 403, in validate
    for i, (images, labels) in tqdm(enumerate(loader)):
  File "/root/miniconda3/envs/Depplab/lib/python3.9/site-packages/tqdm/std.py", line 1181, in __iter__
    for obj in iterable:
  File "/root/miniconda3/envs/Depplab/lib/python3.9/site-packages/torch/utils/data/dataloader.py", line 701, in __next__
    data = self._next_data()
  File "/root/miniconda3/envs/Depplab/lib/python3.9/site-packages/torch/utils/data/dataloader.py", line 1465, in _next_data
    return self._process_data(data)
  File "/root/miniconda3/envs/Depplab/lib/python3.9/site-packages/torch/utils/data/dataloader.py", line 1491, in _process_data
    data.reraise()
  File "/root/miniconda3/envs/Depplab/lib/python3.9/site-packages/torch/_utils.py", line 715, in reraise
    raise exception
RuntimeError: Caught RuntimeError in DataLoader worker process 0.
Original Traceback (most recent call last):
  File "/root/miniconda3/envs/Depplab/lib/python3.9/site-packages/torch/utils/data/_utils/worker.py", line 351, in _worker_loop
    data = fetcher.fetch(index)  # type: ignore[possibly-undefined]
  File "/root/miniconda3/envs/Depplab/lib/python3.9/site-packages/torch/utils/data/_utils/fetch.py", line 55, in fetch
    return self.collate_fn(data)
  File "/root/miniconda3/envs/Depplab/lib/python3.9/site-packages/torch/utils/data/_utils/collate.py", line 398, in default_collate
    return collate(batch, collate_fn_map=default_collate_fn_map)
  File "/root/miniconda3/envs/Depplab/lib/python3.9/site-packages/torch/utils/data/_utils/collate.py", line 211, in collate
    return [
  File "/root/miniconda3/envs/Depplab/lib/python3.9/site-packages/torch/utils/data/_utils/collate.py", line 212, in <listcomp>
    collate(samples, collate_fn_map=collate_fn_map)
  File "/root/miniconda3/envs/Depplab/lib/python3.9/site-packages/torch/utils/data/_utils/collate.py", line 155, in collate
    return collate_fn_map[elem_type](batch, collate_fn_map=collate_fn_map)
  File "/root/miniconda3/envs/Depplab/lib/python3.9/site-packages/torch/utils/data/_utils/collate.py", line 272, in collate_tensor_fn
    return torch.stack(batch, 0, out=out)
RuntimeError: stack expects each tensor to be equal size, but got [3, 4080, 3060] at entry 0 and [3, 3072, 4080] at entry 1

